<?xml version="1.0" encoding="UTF-8"?>
<!-- Generated by org.testng.reporters.JUnitReportReporter -->
<testsuite hostname="Uma" failures="0" tests="3" name="umadinu.SubmitOrderDataProvider" time="29.886" errors="0" timestamp="19 May 2024 23:12:50 GMT" skipped="0">
  <testcase classname="umadinu.SubmitOrderDataProvider" name="SubmitOrder" time="11.703"/>
  <testcase classname="umadinu.SubmitOrderDataProvider" name="OrdersPage" time="7.455"/>
  <testcase classname="umadinu.SubmitOrderDataProvider" name="SubmitOrder" time="10.728"/>
</testsuite> <!-- umadinu.SubmitOrderDataProvider -->
