<?xml version="1.0" encoding="UTF-8"?>
<!-- Generated by org.testng.reporters.JUnitReportReporter -->
<testsuite hostname="Uma" failures="0" tests="3" name="umadinu.SubmitOrderDatProvHashMap" time="29.365" errors="0" timestamp="19 May 2024 23:24:19 GMT" skipped="0">
  <testcase classname="umadinu.SubmitOrderDatProvHashMap" name="SubmitOrder" time="10.632"/>
  <testcase classname="umadinu.SubmitOrderDatProvHashMap" name="OrdersPage" time="7.923"/>
  <testcase classname="umadinu.SubmitOrderDatProvHashMap" name="SubmitOrder" time="10.810"/>
</testsuite> <!-- umadinu.SubmitOrderDatProvHashMap -->
