<?xml version="1.0" encoding="UTF-8"?>
<!-- Generated by org.testng.reporters.JUnitReportReporter -->
<testsuite hostname="Uma" failures="0" tests="3" name="umadinu.SubmitOrderJSONFile" time="34.555" errors="0" timestamp="13 Jun 2024 18:27:02 GMT" skipped="0">
  <testcase classname="umadinu.SubmitOrderJSONFile" name="OrdersPage" time="8.469"/>
  <testcase classname="umadinu.SubmitOrderJSONFile" name="SubmitOrder" time="14.608"/>
  <testcase classname="umadinu.SubmitOrderJSONFile" name="SubmitOrder" time="11.478"/>
</testsuite> <!-- umadinu.SubmitOrderJSONFile -->
