<?xml version="1.0" encoding="UTF-8"?>
<!-- Generated by org.testng.reporters.JUnitReportReporter -->
<testsuite hostname="Uma" failures="0" tests="2" name="umadinu.SubmitOrderTest2" time="17.727" errors="0" timestamp="30 Sep 2024 13:34:49 GMT" skipped="0">
  <testcase classname="umadinu.SubmitOrderTest2" name="OrdersPage" time="8.432"/>
  <testcase classname="umadinu.SubmitOrderTest2" name="SubmitOrder" time="9.295"/>
</testsuite> <!-- umadinu.SubmitOrderTest2 -->
