<?xml version="1.0" encoding="UTF-8"?>
<!-- Generated by org.testng.reporters.JUnitReportReporter -->
<testsuite skipped="0" hostname="Uma" name="umadinu.SubmitOrderTest2" tests="2" failures="0" timestamp="13 Jun 2024 19:55:24 GMT" time="22.737" errors="0">
  <testcase name="SubmitOrder" time="15.142" classname="umadinu.SubmitOrderTest2"/>
  <testcase name="OrdersPage" time="7.595" classname="umadinu.SubmitOrderTest2"/>
</testsuite> <!-- umadinu.SubmitOrderTest2 -->
